[2026-04-13T04:07:19Z] === ENRICH ITERATION 1 START | repo=kjd/idna sha=729225d8 ===
[2026-04-13T04:07:19Z] [iter=1] PHASE START: enrich repo=kjd/idna sha=729225d8 runlog=/home/runner/work/forx/forx/storage/aggregate/lsp/logs/729225d8-enrich-iter-001.log output=/home/runner/work/forx/forx/storage/aggregate/lsp/729225d8b0c58bc66bb38d1d0faf281a757ece59.nq.gz
[2026-04-13T04:07:21Z] [iter=1] Step 1: Loading AST into disk-backed store mem_mb=77 MB
[2026-04-13T04:07:26Z] [iter=1] AST store loaded triples=701403 load_secs=5 mem_mb=760 MB
[2026-04-13T04:07:26Z] [iter=1] Step 2: Finding LSP targets mem_mb=760 MB
[2026-04-13T04:07:26Z] [iter=1] LSP targets found call_sites=638 imports=27 extends=6 implements=0 secs=0
[2026-04-13T04:07:26Z] [iter=1] Step 2.7: Building position index (one-shot, shared across resolvers) mem_mb=760 MB
[2026-04-13T04:07:30Z] [iter=1] Position index built positions=48087 nodes_with_types=63756 secs=3 mem_mb=760 MB
[2026-04-13T04:07:30Z] [iter=1] Step 3: Starting LSP resolution mem_mb=760 MB already_completed_types=[] already_completed_files=0
[2026-04-13T04:07:30Z] [iter=1] Resolving target type target_type=call_site count=638
[2026-04-13T04:08:20Z] [iter=1] HEARTBEAT target_type=call_site elapsed_min=1.0 files_done=1 resolved=1 errors=186 current=idna/core.py
[2026-04-13T04:08:54Z] [iter=1] HEARTBEAT target_type=call_site elapsed_min=1.6 files_done=3 resolved=86 errors=315 current=tests/test_idna_compat.py
[2026-04-13T04:09:33Z] [iter=1] HEARTBEAT target_type=call_site elapsed_min=2.2 files_done=8 resolved=132 errors=456 current=idna/codec.py
[2026-04-13T04:09:38Z] [iter=1] Target type resolved target_type=call_site resolved=148 errors=475 secs=128 mem_mb=760 MB
[2026-04-13T04:09:38Z] [iter=1] Resolving target type target_type=import_statement count=27
[2026-04-13T04:09:40Z] [iter=1] Target type resolved target_type=import_statement resolved=27 errors=0 secs=2 mem_mb=760 MB
[2026-04-13T04:09:40Z] [iter=1] Resolving target type target_type=extends_clause count=6
[2026-04-13T04:09:41Z] [iter=1] Target type resolved target_type=extends_clause resolved=6 errors=0 secs=1 mem_mb=760 MB
[2026-04-13T04:09:44Z] [iter=1] Step 5: Writing final enrichment file triples=5438
[2026-04-13T04:09:44Z] [iter=1] Enrichment file written path=/home/runner/work/forx/forx/storage/aggregate/lsp/729225d8b0c58bc66bb38d1d0faf281a757ece59.nq.gz size_kb=97
[2026-04-13T04:09:44Z] [iter=1] PHASE END: enrich elapsed_s=145 elapsed_min=2.4 total_triples=5438
